SF:lib\data\datasources\movie_local_data_source.dart
DA:16,1
DA:18,1
DA:21,2
DA:24,2
DA:28,1
DA:31,2
DA:34,2
DA:38,1
DA:40,2
DA:42,1
DA:48,1
DA:50,2
DA:51,4
LF:13
LH:13
end_of_record
SF:lib\utils\exception.dart
DA:6,4
LF:1
LH:1
end_of_record
SF:lib\data\models\movie_table.dart
DA:11,20
DA:18,2
DA:19,1
DA:20,1
DA:21,1
DA:22,1
DA:25,2
DA:26,1
DA:27,1
DA:28,1
DA:29,1
DA:32,0
DA:33,0
DA:34,0
DA:35,0
DA:36,0
DA:39,2
DA:40,1
DA:41,1
DA:42,1
DA:43,1
DA:46,2
DA:47,10
LF:23
LH:18
end_of_record
SF:lib\domain\entities\genre.dart
DA:4,46
DA:12,5
DA:13,15
LF:3
LH:3
end_of_record
SF:lib\domain\entities\movie.dart
DA:4,12
DA:20,1
DA:41,9
DA:42,9
DA:43,9
DA:44,9
DA:45,9
DA:46,9
DA:47,9
DA:48,9
DA:49,9
DA:50,9
DA:51,9
DA:52,9
DA:53,9
DA:54,9
DA:55,9
LF:17
LH:17
end_of_record
SF:lib\domain\entities\movie_detail.dart
DA:5,19
DA:33,2
DA:34,2
DA:35,2
DA:36,2
DA:37,2
DA:38,2
DA:39,2
DA:40,2
DA:41,2
DA:42,2
DA:43,2
DA:44,2
DA:45,2
LF:14
LH:14
end_of_record
SF:lib\data\datasources\db\database_helper.dart
DA:10,0
DA:14,0
DA:18,0
DA:19,0
DA:25,0
DA:26,0
DA:27,0
DA:29,0
DA:32,0
DA:33,0
DA:38,0
DA:39,0
DA:49,0
DA:50,0
DA:51,0
DA:54,0
DA:55,0
DA:56,0
DA:59,0
DA:63,0
DA:64,0
DA:65,0
DA:68,0
DA:71,0
DA:72,0
DA:78,0
DA:79,0
DA:80,0
LF:28
LH:0
end_of_record
SF:lib\data\datasources\movie_remote_data_source.dart
DA:25,1
DA:27,1
DA:30,3
DA:32,2
DA:33,4
DA:35,1
DA:39,1
DA:41,4
DA:43,2
DA:44,3
DA:46,1
DA:50,1
DA:52,1
DA:53,3
DA:55,2
DA:56,4
DA:58,1
DA:62,1
DA:65,3
DA:67,2
DA:68,4
DA:70,1
DA:74,1
DA:77,3
DA:79,2
DA:80,4
DA:82,1
DA:86,1
DA:88,1
DA:89,3
DA:91,2
DA:92,4
DA:94,1
LF:33
LH:33
end_of_record
SF:lib\data\models\movie_detail_model.dart
DA:7,2
DA:53,1
DA:54,1
DA:55,1
DA:56,1
DA:57,1
DA:58,1
DA:59,4
DA:60,1
DA:61,1
DA:62,1
DA:63,1
DA:64,1
DA:65,1
DA:66,2
DA:67,1
DA:68,1
DA:69,1
DA:70,1
DA:71,1
DA:72,1
DA:73,1
DA:74,1
DA:75,2
DA:76,1
DA:79,0
DA:80,0
DA:81,0
DA:82,0
DA:83,0
DA:84,0
DA:85,0
DA:86,0
DA:87,0
DA:88,0
DA:89,0
DA:90,0
DA:91,0
DA:92,0
DA:93,0
DA:94,0
DA:95,0
DA:96,0
DA:97,0
DA:98,0
DA:99,0
DA:100,0
DA:103,1
DA:104,1
DA:105,1
DA:106,1
DA:107,5
DA:108,1
DA:109,1
DA:110,1
DA:111,1
DA:112,1
DA:113,1
DA:114,1
DA:115,1
DA:116,1
DA:120,1
DA:121,1
DA:122,1
DA:123,1
DA:124,1
DA:125,1
DA:126,1
DA:127,1
DA:128,1
DA:129,1
DA:130,1
DA:131,1
DA:132,1
DA:133,1
DA:134,1
DA:135,1
DA:136,1
DA:137,1
DA:138,1
DA:139,1
DA:140,1
DA:141,1
DA:142,1
LF:84
LH:62
end_of_record
SF:lib\data\models\movie_model.dart
DA:5,5
DA:35,4
DA:36,2
DA:37,2
DA:38,8
DA:39,2
DA:40,2
DA:41,2
DA:42,4
DA:43,2
DA:44,2
DA:45,2
DA:46,2
DA:47,4
DA:48,2
DA:51,2
DA:52,1
DA:53,1
DA:54,4
DA:55,1
DA:56,1
DA:57,1
DA:58,1
DA:59,1
DA:60,1
DA:61,1
DA:62,1
DA:63,1
DA:64,1
DA:67,2
DA:68,2
DA:69,2
DA:70,2
DA:71,2
DA:72,2
DA:73,2
DA:74,2
DA:75,2
DA:76,2
DA:77,2
DA:78,2
DA:79,2
DA:80,2
DA:81,2
DA:85,2
DA:86,2
DA:87,2
DA:88,2
DA:89,2
DA:90,2
DA:91,2
DA:92,2
DA:93,2
DA:94,2
DA:95,2
DA:96,2
DA:97,2
DA:98,2
DA:99,2
LF:59
LH:59
end_of_record
SF:lib\utils\failure.dart
DA:6,26
DA:8,2
DA:9,4
DA:13,22
DA:17,4
DA:21,8
DA:25,2
LF:7
LH:7
end_of_record
SF:lib\domain\usecases\get_movie_detail.dart
DA:9,1
DA:11,1
DA:12,2
LF:3
LH:3
end_of_record
SF:lib\presentation\blocs\movie_detail\movie_detail_event.dart
DA:5,0
DA:6,0
DA:12,2
DA:14,0
DA:15,0
LF:5
LH:1
end_of_record
SF:lib\presentation\blocs\movie_detail\movie_detail_state.dart
DA:5,1
DA:6,1
DA:16,2
DA:18,1
DA:19,2
DA:25,1
DA:27,1
DA:28,2
LF:8
LH:8
end_of_record
SF:lib\presentation\blocs\movie_detail\movie_detail_bloc.dart
DA:12,3
DA:13,2
DA:14,2
DA:15,3
DA:16,1
DA:17,4
DA:18,3
LF:7
LH:7
end_of_record
SF:lib\data\models\genre_model.dart
DA:6,29
DA:14,6
DA:15,3
DA:16,3
DA:19,2
DA:20,1
DA:21,1
DA:24,3
DA:25,9
DA:28,3
DA:29,9
LF:11
LH:11
end_of_record
SF:lib\data\models\tv_series_detail_model.dart
DA:32,3
DA:59,2
DA:60,2
DA:61,2
DA:62,2
DA:63,6
DA:64,8
DA:65,4
DA:66,2
DA:67,8
DA:68,2
DA:69,2
DA:70,2
DA:71,4
DA:72,2
DA:73,2
DA:74,2
DA:75,2
DA:76,2
DA:77,2
DA:78,4
DA:79,2
DA:80,2
DA:81,2
DA:82,2
DA:83,4
DA:84,2
DA:85,4
DA:88,2
DA:89,1
DA:90,1
DA:91,3
DA:92,4
DA:94,13
DA:95,5
DA:96,1
DA:97,1
DA:98,1
DA:100,13
DA:101,1
DA:102,1
DA:103,1
DA:104,1
DA:105,1
DA:106,1
DA:107,1
DA:108,1
DA:109,1
DA:110,1
DA:111,1
DA:112,1
DA:113,1
DA:114,1
DA:115,1
DA:119,4
DA:120,2
DA:121,2
DA:122,2
DA:123,2
DA:124,2
DA:125,10
DA:126,2
DA:127,2
DA:128,2
DA:129,2
DA:130,2
DA:131,2
DA:132,2
DA:133,2
DA:134,2
DA:135,2
DA:136,2
DA:137,2
DA:138,2
DA:139,2
DA:140,2
DA:141,2
DA:142,2
DA:143,2
DA:146,2
DA:148,2
DA:149,2
DA:150,2
DA:151,2
DA:152,2
DA:153,2
DA:154,2
DA:155,2
DA:156,2
DA:157,2
DA:158,2
DA:159,2
DA:160,2
DA:161,2
DA:162,2
DA:163,2
DA:164,2
DA:165,2
DA:166,2
DA:167,2
DA:168,2
DA:169,2
DA:170,2
DA:171,2
DA:172,2
LF:105
LH:105
end_of_record
SF:lib\domain\entities\tv_series_detail_entity.dart
DA:31,8
DA:58,3
DA:60,3
DA:61,3
DA:62,3
DA:63,3
DA:64,3
DA:65,3
DA:66,3
DA:67,3
DA:68,3
DA:69,3
DA:70,3
DA:71,3
DA:72,3
DA:73,3
DA:74,3
DA:75,3
DA:76,3
DA:77,3
DA:78,3
DA:79,3
DA:80,3
DA:81,3
DA:82,3
DA:83,3
DA:84,3
LF:27
LH:27
end_of_record
SF:lib\data\models\tv_series_model.dart
DA:19,3
DA:35,4
DA:36,2
DA:37,2
DA:38,8
DA:39,2
DA:40,2
DA:41,2
DA:42,2
DA:43,4
DA:44,2
DA:45,4
DA:46,2
DA:47,4
DA:48,2
DA:51,2
DA:52,1
DA:53,1
DA:54,4
DA:55,1
DA:56,1
DA:57,1
DA:58,1
DA:59,1
DA:60,1
DA:62,13
DA:63,1
DA:64,1
DA:65,1
DA:68,4
DA:69,2
DA:70,2
DA:71,2
DA:72,2
DA:73,2
DA:74,2
DA:75,2
DA:76,2
DA:77,2
DA:78,2
DA:79,2
DA:80,2
DA:81,2
DA:84,2
DA:86,2
DA:87,2
DA:88,2
DA:89,2
DA:90,2
DA:91,2
DA:92,2
DA:93,2
DA:94,2
DA:95,2
DA:96,2
DA:97,2
DA:98,2
DA:99,2
LF:58
LH:58
end_of_record
SF:lib\domain\entities\tv_series_entity.dart
DA:18,18
DA:34,2
DA:42,12
DA:44,12
DA:45,12
DA:46,12
DA:47,12
DA:48,12
DA:49,12
DA:50,12
DA:51,12
DA:52,12
DA:53,12
DA:54,12
DA:55,12
DA:56,12
DA:57,12
LF:17
LH:17
end_of_record
SF:lib\data\models\tv_series_table.dart
DA:12,28
DA:19,4
DA:20,2
DA:21,2
DA:22,2
DA:23,2
DA:26,4
DA:27,2
DA:28,2
DA:29,2
DA:30,2
DA:33,2
DA:34,1
DA:35,1
DA:36,1
DA:37,1
DA:40,4
DA:41,2
DA:42,2
DA:43,2
DA:44,2
DA:47,3
DA:48,15
LF:23
LH:23
end_of_record
SF:lib\domain\usecases\get_watchlist_status_tv_series.dart
DA:6,1
DA:8,1
DA:9,2
LF:3
LH:3
end_of_record
SF:lib\domain\usecases\remove_watchlist_tv_series.dart
DA:10,1
DA:12,1
DA:13,2
LF:3
LH:3
end_of_record
SF:lib\domain\usecases\save_watchlist_tv_series.dart
DA:9,1
DA:11,1
DA:12,2
LF:3
LH:3
end_of_record
SF:lib\presentation\blocs\watchlist_status_tv\watchlist_status_tv_cubit.dart
DA:10,1
DA:14,1
DA:20,1
DA:21,2
DA:22,1
DA:25,1
DA:27,1
DA:28,1
DA:30,0
DA:33,2
DA:37,1
DA:38,2
DA:39,1
DA:40,3
DA:42,2
DA:45,0
DA:46,0
DA:47,0
DA:48,0
DA:50,0
LF:20
LH:14
end_of_record
SF:lib\common\encrypt.dart
DA:3,0
DA:4,0
DA:5,0
DA:7,0
DA:9,0
DA:11,0
LF:6
LH:0
end_of_record
SF:lib\styles\text_styles.dart
DA:4,2
DA:5,1
DA:6,9
DA:8,0
DA:10,0
DA:14,0
DA:15,0
DA:16,0
DA:17,0
DA:18,0
LF:10
LH:3
end_of_record
SF:lib\utils\utils.dart
DA:3,0
LF:1
LH:0
end_of_record
SF:lib\data\models\movie_response.dart
DA:7,3
DA:9,4
DA:10,4
DA:11,6
DA:12,6
DA:15,2
DA:16,5
DA:19,1
DA:20,2
LF:9
LH:9
end_of_record
SF:lib\data\datasources\db\tv_database_helper.dart
DA:8,0
DA:12,0
DA:13,0
DA:17,0
DA:18,0
DA:23,0
DA:24,0
DA:25,0
DA:27,0
DA:31,0
DA:32,0
DA:42,0
DA:43,0
DA:44,0
DA:47,0
DA:48,0
DA:49,0
DA:52,0
DA:56,0
DA:57,0
DA:58,0
DA:61,0
DA:64,0
DA:65,0
DA:71,0
DA:72,0
DA:73,0
LF:27
LH:0
end_of_record
SF:lib\data\datasources\tv_series_local_data_source.dart
DA:16,1
DA:18,1
DA:21,2
DA:24,2
DA:28,1
DA:31,2
DA:34,2
DA:38,1
DA:40,2
DA:42,1
DA:48,1
DA:50,2
DA:51,4
LF:13
LH:13
end_of_record
SF:lib\data\datasources\tv_series_remote_data_source.dart
DA:24,1
DA:26,1
DA:29,3
DA:31,2
DA:32,4
DA:34,1
DA:38,1
DA:40,4
DA:42,2
DA:43,3
DA:45,1
DA:49,1
DA:52,4
DA:54,2
DA:55,4
DA:57,1
DA:61,1
DA:63,3
DA:65,2
DA:66,4
DA:68,1
DA:72,1
DA:75,3
DA:77,2
DA:78,4
DA:80,1
DA:84,1
DA:87,4
DA:89,2
DA:90,4
DA:92,1
LF:31
LH:31
end_of_record
SF:lib\data\models\tv_response.dart
DA:8,1
DA:10,2
DA:11,2
DA:12,3
DA:13,3
DA:16,0
DA:17,0
DA:20,0
DA:21,0
LF:9
LH:5
end_of_record
SF:lib\data\repositories\movie_repository_impl.dart
DA:17,1
DA:22,1
DA:25,2
DA:26,5
DA:27,1
DA:29,1
DA:31,0
DA:36,1
DA:39,2
DA:40,2
DA:41,1
DA:43,1
DA:45,0
DA:50,1
DA:53,2
DA:54,3
DA:55,1
DA:57,1
DA:59,0
DA:64,1
DA:67,2
DA:68,5
DA:69,1
DA:71,1
DA:73,0
DA:78,1
DA:81,2
DA:82,5
DA:83,1
DA:85,1
DA:87,0
DA:92,1
DA:95,2
DA:96,5
DA:97,1
DA:99,1
DA:101,0
DA:106,1
DA:110,3
DA:111,1
DA:112,1
DA:113,3
DA:119,1
DA:123,3
DA:124,1
DA:125,1
DA:126,3
DA:130,1
DA:132,2
DA:136,1
DA:138,2
DA:139,5
LF:52
LH:46
end_of_record
SF:lib\data\repositories\tv_series_repository_impl.dart
DA:18,1
DA:23,1
DA:26,2
DA:27,5
DA:28,1
DA:30,0
DA:32,0
DA:37,1
DA:41,2
DA:42,2
DA:43,1
DA:45,0
DA:47,0
DA:52,1
DA:56,2
DA:57,5
DA:58,1
DA:60,1
DA:62,0
DA:67,1
DA:70,2
DA:71,5
DA:72,1
DA:74,0
DA:76,0
DA:81,1
DA:84,2
DA:85,5
DA:86,1
DA:88,0
DA:90,0
DA:95,1
DA:99,2
DA:100,5
DA:101,1
DA:103,1
DA:105,0
DA:110,1
DA:114,3
DA:115,1
DA:116,1
DA:117,3
DA:123,1
DA:128,3
DA:129,1
DA:130,1
DA:131,3
DA:135,1
DA:137,2
DA:141,1
DA:143,2
DA:144,5
LF:52
LH:42
end_of_record
SF:lib\domain\usecases\get_movie_recommendations.dart
DA:9,1
DA:11,1
DA:12,2
LF:3
LH:3
end_of_record
SF:lib\domain\usecases\get_now_playing_movies.dart
DA:9,1
DA:11,1
DA:12,2
LF:3
LH:3
end_of_record
SF:lib\domain\usecases\get_now_playing_tv_series.dart
DA:10,1
DA:12,1
DA:13,2
LF:3
LH:3
end_of_record
SF:lib\domain\usecases\get_popular_movies.dart
DA:9,1
DA:11,1
DA:12,2
LF:3
LH:3
end_of_record
SF:lib\domain\usecases\get_popular_tv_series.dart
DA:10,1
DA:12,1
DA:13,2
LF:3
LH:3
end_of_record
SF:lib\domain\usecases\get_top_rated_movies.dart
DA:9,1
DA:11,1
DA:12,2
LF:3
LH:3
end_of_record
SF:lib\domain\usecases\get_top_rated_tv_series.dart
DA:9,1
DA:11,1
DA:12,2
LF:3
LH:3
end_of_record
SF:lib\domain\usecases\get_tv_series_detail.dart
DA:9,1
DA:11,1
DA:12,2
LF:3
LH:3
end_of_record
SF:lib\domain\usecases\get_tv_series_recommendations.dart
DA:9,1
DA:11,1
DA:12,2
LF:3
LH:3
end_of_record
SF:lib\domain\usecases\get_watchlist_movies.dart
DA:9,1
DA:11,1
DA:12,2
LF:3
LH:3
end_of_record
SF:lib\domain\usecases\get_watchlist_status.dart
DA:6,1
DA:8,1
DA:9,2
LF:3
LH:3
end_of_record
SF:lib\domain\usecases\get_watchlist_tv_series.dart
DA:10,1
DA:12,1
DA:13,2
LF:3
LH:3
end_of_record
SF:lib\domain\usecases\remove_watchlist.dart
DA:9,1
DA:11,1
DA:12,2
LF:3
LH:3
end_of_record
SF:lib\domain\usecases\save_watchlist.dart
DA:9,1
DA:11,1
DA:12,2
LF:3
LH:3
end_of_record
SF:lib\domain\usecases\search_tv_series.dart
DA:10,1
DA:12,1
DA:13,2
LF:3
LH:3
end_of_record
SF:lib\presentation\blocs\movie_recommendation\movie_recommendation_bloc.dart
DA:13,1
DA:14,2
DA:15,2
DA:16,2
DA:17,3
DA:18,1
DA:19,4
DA:20,3
LF:8
LH:8
end_of_record
SF:lib\presentation\blocs\movie_recommendation\movie_recommendation_event.dart
DA:5,0
DA:6,0
DA:12,2
DA:14,0
DA:15,0
LF:5
LH:1
end_of_record
SF:lib\presentation\blocs\movie_recommendation\movie_recommendation_state.dart
DA:5,1
DA:6,1
DA:16,2
DA:18,1
DA:19,2
DA:25,1
DA:27,1
DA:28,2
LF:8
LH:8
end_of_record
SF:lib\presentation\blocs\now_playing_tv\now_playing_tv_bloc.dart
DA:12,3
DA:13,2
DA:14,2
DA:15,2
DA:16,1
DA:17,4
DA:18,3
LF:7
LH:7
end_of_record
SF:lib\presentation\blocs\now_playing_tv\now_playing_tv_state.dart
DA:5,1
DA:6,1
DA:16,1
DA:18,1
DA:19,2
DA:25,1
DA:27,1
DA:28,2
LF:8
LH:8
end_of_record
SF:lib\presentation\blocs\now_playing_tv\now_playing_tv_event.dart
DA:5,0
DA:6,0
LF:2
LH:0
end_of_record
SF:lib\presentation\blocs\popular_movie\popular_movie_state.dart
DA:5,1
DA:6,1
DA:16,2
DA:18,1
DA:19,2
DA:25,2
DA:27,1
DA:28,2
LF:8
LH:8
end_of_record
SF:lib\presentation\blocs\popular_movie\popular_movie_bloc.dart
DA:12,3
DA:13,2
DA:14,2
DA:15,2
DA:16,1
DA:17,4
DA:18,3
LF:7
LH:7
end_of_record
SF:lib\presentation\blocs\popular_movie\popular_movie_event.dart
DA:5,0
DA:6,0
LF:2
LH:0
end_of_record
SF:lib\presentation\blocs\popular_tv\popular_tv_state.dart
DA:5,1
DA:6,1
DA:16,1
DA:18,1
DA:19,2
DA:25,1
DA:27,1
DA:28,2
LF:8
LH:8
end_of_record
SF:lib\presentation\blocs\popular_tv\popular_tv_bloc.dart
DA:12,3
DA:13,2
DA:14,2
DA:15,2
DA:16,1
DA:17,4
DA:18,3
LF:7
LH:7
end_of_record
SF:lib\presentation\blocs\popular_tv\popular_tv_event.dart
DA:5,0
DA:6,0
LF:2
LH:0
end_of_record
SF:lib\presentation\blocs\section_now_playing_movie\section_now_playing_movie_state.dart
DA:5,1
DA:6,1
DA:16,1
DA:18,1
DA:19,2
DA:25,1
DA:27,1
DA:28,2
LF:8
LH:8
end_of_record
SF:lib\presentation\blocs\section_now_playing_movie\section_now_playing_movie_event.dart
DA:5,0
DA:6,0
LF:2
LH:0
end_of_record
SF:lib\presentation\blocs\section_now_playing_movie\section_now_playing_movie_bloc.dart
DA:14,1
DA:15,2
DA:16,2
DA:17,2
DA:18,2
DA:19,1
DA:20,4
DA:21,3
LF:8
LH:8
end_of_record
SF:lib\presentation\blocs\section_now_playing_tv\section_now_playing_tv_bloc.dart
DA:13,1
DA:14,2
DA:15,2
DA:16,2
DA:17,2
DA:18,1
DA:19,4
DA:20,3
LF:8
LH:8
end_of_record
SF:lib\presentation\blocs\section_now_playing_tv\section_now_playing_tv_event.dart
DA:5,0
DA:6,0
LF:2
LH:0
end_of_record
SF:lib\presentation\blocs\section_now_playing_tv\section_now_playing_tv_state.dart
DA:5,1
DA:6,1
DA:16,1
DA:18,1
DA:19,2
DA:25,1
DA:27,1
DA:28,2
LF:8
LH:8
end_of_record
SF:lib\presentation\blocs\section_popular_movie\section_popular_movie_state.dart
DA:5,1
DA:6,1
DA:16,1
DA:18,1
DA:19,2
DA:25,1
DA:27,1
DA:28,2
LF:8
LH:8
end_of_record
SF:lib\presentation\blocs\section_popular_movie\section_popular_movie_bloc.dart
DA:13,1
DA:14,2
DA:15,2
DA:16,2
DA:17,2
DA:18,1
DA:19,4
DA:20,3
LF:8
LH:8
end_of_record
SF:lib\presentation\blocs\section_popular_movie\section_popular_movie_event.dart
DA:5,0
DA:6,0
LF:2
LH:0
end_of_record
SF:lib\presentation\blocs\section_popular_tv\section_popular_tv_state.dart
DA:5,1
DA:6,1
DA:16,1
DA:18,1
DA:19,2
DA:25,1
DA:27,1
DA:28,2
LF:8
LH:8
end_of_record
SF:lib\presentation\blocs\section_popular_tv\section_popular_tv_bloc.dart
DA:13,1
DA:14,2
DA:15,2
DA:16,2
DA:17,2
DA:18,1
DA:19,4
DA:20,3
LF:8
LH:8
end_of_record
SF:lib\presentation\blocs\section_popular_tv\section_popular_tv_event.dart
DA:5,0
DA:6,0
LF:2
LH:0
end_of_record
SF:lib\presentation\blocs\section_top_rated_movie\section_top_rated_movie_state.dart
DA:5,1
DA:6,1
DA:16,1
DA:18,1
DA:19,2
DA:25,1
DA:27,1
DA:28,2
LF:8
LH:8
end_of_record
SF:lib\presentation\blocs\section_top_rated_movie\section_top_rated_movie_event.dart
DA:5,0
DA:6,0
LF:2
LH:0
end_of_record
SF:lib\presentation\blocs\section_top_rated_movie\section_top_rated_movie_bloc.dart
DA:13,1
DA:14,2
DA:15,2
DA:16,2
DA:17,2
DA:18,1
DA:19,4
DA:20,3
LF:8
LH:8
end_of_record
SF:lib\presentation\blocs\section_top_rated_tv\section_top_rated_tv_bloc.dart
DA:13,1
DA:14,2
DA:15,2
DA:16,2
DA:17,2
DA:18,1
DA:19,4
DA:20,3
LF:8
LH:8
end_of_record
SF:lib\presentation\blocs\section_top_rated_tv\section_top_rated_tv_event.dart
DA:5,0
DA:6,0
LF:2
LH:0
end_of_record
SF:lib\presentation\blocs\section_top_rated_tv\section_top_rated_tv_state.dart
DA:5,1
DA:6,1
DA:16,1
DA:18,1
DA:19,2
DA:25,1
DA:27,1
DA:28,2
LF:8
LH:8
end_of_record
SF:lib\presentation\blocs\top_rated_movie\top_rated_movie_state.dart
DA:5,1
DA:6,1
DA:16,2
DA:18,1
DA:19,2
DA:25,2
DA:27,1
DA:28,2
LF:8
LH:8
end_of_record
SF:lib\presentation\blocs\top_rated_movie\top_rated_movie_bloc.dart
DA:12,3
DA:13,2
DA:14,2
DA:15,2
DA:16,1
DA:17,4
DA:18,3
LF:7
LH:7
end_of_record
SF:lib\presentation\blocs\top_rated_movie\top_rated_movie_event.dart
DA:5,0
DA:6,0
LF:2
LH:0
end_of_record
SF:lib\presentation\blocs\top_rated_tv\top_rated_tv_event.dart
DA:5,0
DA:6,0
LF:2
LH:0
end_of_record
SF:lib\presentation\blocs\top_rated_tv\top_rated_tv_bloc.dart
DA:12,3
DA:13,2
DA:14,2
DA:15,2
DA:16,1
DA:17,4
DA:18,3
LF:7
LH:7
end_of_record
SF:lib\presentation\blocs\top_rated_tv\top_rated_tv_state.dart
DA:5,1
DA:6,1
DA:16,1
DA:18,1
DA:19,2
DA:25,1
DA:27,1
DA:28,2
LF:8
LH:8
end_of_record
SF:lib\presentation\blocs\tv_detail\tv_detail_event.dart
DA:5,0
DA:6,0
DA:12,1
DA:14,0
DA:15,0
LF:5
LH:1
end_of_record
SF:lib\presentation\blocs\tv_detail\tv_detail_state.dart
DA:5,1
DA:6,1
DA:16,1
DA:18,1
DA:19,2
DA:25,1
DA:27,1
DA:28,2
LF:8
LH:8
end_of_record
SF:lib\presentation\blocs\tv_detail\tv_detail_bloc.dart
DA:12,3
DA:13,2
DA:14,2
DA:15,3
DA:16,1
DA:17,4
DA:18,3
LF:7
LH:7
end_of_record
SF:lib\presentation\blocs\tv_recommendation\tv_recommendation_event.dart
DA:5,0
DA:6,0
DA:12,1
DA:14,0
DA:15,0
LF:5
LH:1
end_of_record
SF:lib\presentation\blocs\tv_recommendation\tv_recommendation_state.dart
DA:5,1
DA:6,1
DA:16,1
DA:18,1
DA:19,2
DA:25,1
DA:27,1
DA:28,2
LF:8
LH:8
end_of_record
SF:lib\presentation\blocs\tv_recommendation\tv_recommendation_bloc.dart
DA:13,1
DA:14,2
DA:15,2
DA:16,2
DA:17,3
DA:18,1
DA:19,4
DA:20,3
LF:8
LH:8
end_of_record
SF:lib\presentation\blocs\tv_search\tv_search_state.dart
DA:5,1
DA:6,1
DA:16,1
DA:18,1
DA:19,2
DA:25,1
DA:27,1
DA:28,2
LF:8
LH:8
end_of_record
SF:lib\presentation\blocs\tv_search\tv_search_event.dart
DA:5,0
DA:6,0
DA:12,1
DA:14,0
DA:15,0
LF:5
LH:1
end_of_record
SF:lib\presentation\blocs\tv_search\tv_search_bloc.dart
DA:12,3
DA:13,2
DA:14,2
DA:15,3
DA:16,1
DA:17,4
DA:18,3
LF:7
LH:7
end_of_record
SF:lib\presentation\blocs\watchlist_movie\watchlist_movie_state.dart
DA:5,1
DA:6,1
DA:16,1
DA:18,1
DA:19,2
DA:25,1
DA:27,1
DA:28,2
LF:8
LH:8
end_of_record
SF:lib\presentation\blocs\watchlist_movie\watchlist_movie_bloc.dart
DA:13,1
DA:14,2
DA:15,2
DA:16,2
DA:17,2
DA:18,1
DA:19,4
DA:20,3
LF:8
LH:8
end_of_record
SF:lib\presentation\blocs\watchlist_movie\watchlist_movie_event.dart
DA:5,0
DA:6,0
LF:2
LH:0
end_of_record
SF:lib\presentation\blocs\watchlist_status_movie\watchlist_status_movie_cubit.dart
DA:10,1
DA:14,1
DA:20,1
DA:21,2
DA:22,1
DA:25,1
DA:27,1
DA:28,1
DA:30,0
DA:33,2
DA:37,1
DA:38,2
DA:39,1
DA:40,3
DA:42,2
DA:45,0
DA:46,0
DA:47,0
DA:48,0
DA:50,0
LF:20
LH:14
end_of_record
SF:lib\presentation\blocs\watchlist_tv\watchlist_tv_state.dart
DA:5,1
DA:6,1
DA:16,1
DA:18,1
DA:19,2
DA:25,1
DA:27,1
DA:28,2
LF:8
LH:8
end_of_record
SF:lib\presentation\blocs\watchlist_tv\watchlist_tv_bloc.dart
DA:12,3
DA:13,2
DA:14,2
DA:15,2
DA:16,1
DA:17,4
DA:18,3
LF:7
LH:7
end_of_record
SF:lib\presentation\blocs\watchlist_tv\watchlist_tv_event.dart
DA:5,0
DA:6,0
LF:2
LH:0
end_of_record
SF:lib\presentation\pages\movie_detail_page.dart
DA:17,1
DA:19,1
DA:20,1
DA:24,1
DA:26,1
DA:27,2
DA:28,6
DA:29,1
DA:30,1
DA:31,4
DA:32,5
DA:36,1
DA:38,1
DA:39,1
DA:40,1
DA:41,1
DA:45,1
DA:46,1
DA:47,1
DA:48,1
DA:50,0
DA:51,0
DA:64,1
DA:66,1
DA:68,3
DA:69,1
DA:70,1
DA:71,1
DA:72,3
DA:74,1
DA:77,0
DA:79,1
DA:81,1
DA:82,1
DA:83,1
DA:93,1
DA:94,1
DA:95,1
DA:97,1
DA:99,1
DA:101,1
DA:102,1
DA:103,2
DA:104,1
DA:106,1
DA:107,0
DA:109,0
DA:110,0
DA:111,0
DA:112,0
DA:113,0
DA:114,0
DA:116,0
DA:118,0
DA:119,0
DA:120,0
DA:128,1
DA:129,1
DA:130,1
DA:132,1
DA:142,1
DA:143,3
DA:145,1
DA:146,3
DA:148,1
DA:149,1
DA:150,1
DA:151,3
DA:153,1
DA:159,4
DA:163,1
DA:165,1
DA:167,1
DA:168,2
DA:171,1
DA:173,1
DA:175,1
DA:177,1
DA:178,1
DA:183,1
DA:184,0
DA:185,1
DA:186,1
DA:188,1
DA:190,0
DA:191,0
DA:192,0
DA:194,0
DA:195,0
DA:196,0
DA:199,0
DA:202,0
DA:204,0
DA:205,0
DA:207,0
DA:208,0
DA:214,0
DA:221,2
DA:225,0
DA:233,1
DA:235,1
DA:250,1
DA:252,1
DA:255,1
DA:257,0
DA:258,0
DA:267,1
DA:269,2
DA:270,3
DA:273,1
DA:277,3
DA:280,1
DA:281,1
DA:282,1
DA:284,1
DA:285,1
DA:287,0
LF:117
LH:85
end_of_record
SF:lib\presentation\pages\popular_movies_page.dart
DA:9,1
DA:11,1
DA:12,1
DA:16,1
DA:18,1
DA:19,1
DA:20,5
DA:24,1
DA:26,1
DA:27,1
DA:30,1
DA:32,1
DA:33,1
DA:34,1
DA:38,1
DA:39,1
DA:40,2
DA:41,1
DA:42,2
DA:43,1
DA:46,1
DA:47,1
DA:49,2
LF:23
LH:23
end_of_record
SF:lib\presentation\widgets\movie_card_list.dart
DA:12,2
DA:14,2
DA:16,2
DA:18,2
DA:19,0
DA:20,0
DA:23,0
DA:26,2
DA:28,2
DA:29,2
DA:30,2
DA:36,2
DA:38,2
DA:39,2
DA:40,4
DA:43,2
DA:46,2
DA:47,4
DA:55,2
DA:60,2
DA:62,2
DA:63,6
DA:65,2
DA:68,0
LF:24
LH:20
end_of_record
SF:lib\presentation\pages\top_rated_movies_page.dart
DA:8,1
DA:10,1
DA:11,1
DA:15,1
DA:17,1
DA:18,1
DA:19,5
DA:23,1
DA:25,1
DA:26,1
DA:29,1
DA:31,1
DA:32,1
DA:33,1
DA:37,1
DA:38,1
DA:39,2
DA:40,1
DA:41,2
DA:42,1
DA:45,1
DA:46,1
DA:48,2
LF:23
LH:23
end_of_record
